<?xml version="1.0" encoding="UTF-8"?>
<testsuite name="AnimiTest" tests="5" skipped="0" failures="0" errors="0" timestamp="2022-05-10T19:47:45" hostname="KAMRAN-FAMILY" time="80.264">
  <properties/>
  <testcase name="MultiplePageLinks" classname="AnimiTest" time="23.021"/>
  <testcase name="ReadingTitle" classname="AnimiTest" time="11.16"/>
  <testcase name="FormSendUser" classname="AnimiTest" time="16.843"/>
  <testcase name="Hovering" classname="AnimiTest" time="10.915"/>
  <testcase name="testLoginLogout" classname="AnimiTest" time="18.325"/>
  <system-out><![CDATA[Total number of links present 474
Page title is : Animi Causa: Gift Shop, Gift Ideas, Unique Gifts For Everyone
Task completed : Reading the page title
HoverTest completed
WORLDWIDE SHIPPING
]]></system-out>
  <system-err><![CDATA[SLF4J: Failed to load class "org.slf4j.impl.StaticLoggerBinder".
SLF4J: Defaulting to no-operation (NOP) logger implementation
SLF4J: See http://www.slf4j.org/codes.html#StaticLoggerBinder for further details.
Starting ChromeDriver 101.0.4951.41 (93c720db8323b3ec10d056025ab95c23a31997c9-refs/branch-heads/4951@{#904}) on port 27463
Only local connections are allowed.
Please see https://chromedriver.chromium.org/security-considerations for suggestions on keeping ChromeDriver safe.
ChromeDriver was started successfully.
Starting ChromeDriver 101.0.4951.41 (93c720db8323b3ec10d056025ab95c23a31997c9-refs/branch-heads/4951@{#904}) on port 38343
Only local connections are allowed.
Please see https://chromedriver.chromium.org/security-considerations for suggestions on keeping ChromeDriver safe.
ChromeDriver was started successfully.
Starting ChromeDriver 101.0.4951.41 (93c720db8323b3ec10d056025ab95c23a31997c9-refs/branch-heads/4951@{#904}) on port 61316
Only local connections are allowed.
Please see https://chromedriver.chromium.org/security-considerations for suggestions on keeping ChromeDriver safe.
ChromeDriver was started successfully.
Starting ChromeDriver 101.0.4951.41 (93c720db8323b3ec10d056025ab95c23a31997c9-refs/branch-heads/4951@{#904}) on port 42873
Only local connections are allowed.
Please see https://chromedriver.chromium.org/security-considerations for suggestions on keeping ChromeDriver safe.
ChromeDriver was started successfully.
Starting ChromeDriver 101.0.4951.41 (93c720db8323b3ec10d056025ab95c23a31997c9-refs/branch-heads/4951@{#904}) on port 59845
Only local connections are allowed.
Please see https://chromedriver.chromium.org/security-considerations for suggestions on keeping ChromeDriver safe.
ChromeDriver was started successfully.
]]></system-err>
</testsuite>
